Feed: Actris
MLS Key: Actris
Executable: C:\downloaders\Actris\ConsoleActris.exe
Arguments: 
Working Directory: C:\downloaders\Actris
Process ID: 40716
Feed Console Window Mode: OnFailure
Separate Console Window: False
Keep Window Open On Error: True
Start: 2026-05-22 20:10:56
End: 2026-05-22 20:11:00
Duration: 00:00:03.9814054
Status: Failed
Exit Code: -532462766
Error: Process exited with code -532462766.

----- STDOUT -----
Config Path: C:\downloaders\dbconnection.cfg
Connection string: Data Source=192.168.3.63;Initial Catalog=MLSMailings;Persist Security Info=True;User ID=sa;Password=zznhoj1
FilePath: \\192.168.3.60\MLSData\
Running https://api-prod.corelogic.com/trestle/odata/Property?%top=10&$select=ListingKey,ListingId,StandardStatus,StreetNumber,StreetDirPrefix,StreetName,StreetSuffix,StreetDirSuffix,City,StateOrProvince,PostalCode,UnitNumber,ListPrice,BedroomsTotal,BathroomsTotalInteger,ListAgentMlsId,ListOfficeMlsId,ListingContractDate,CloseDate,Media&$expand=Media&$filter=(StandardStatus eq 'Active' or StandardStatus eq 'Closed') and (OriginatingSystemName eq 'ACTRIS') and (PropertyType eq 'Residential' or PropertyType eq 'Highrise'  or PropertyType eq 'Farm') and (ListingContractDate gt 2026-05-08T00:00:00.0Z or CloseDate gt 2026-05-08T00:00:00.0Z)


----- STDERR -----

Unhandled Exception: System.IO.IOException: The process cannot access the file 'c:\temp\ACTRIS\resi.txt' because it is being used by another process.
   at System.IO.__Error.WinIOError(Int32 errorCode, String maybeFullPath)
   at System.IO.FileStream.Init(String path, FileMode mode, FileAccess access, Int32 rights, Boolean useRights, FileShare share, Int32 bufferSize, FileOptions options, SECURITY_ATTRIBUTES secAttrs, String msgPath, Boolean bFromProxy, Boolean useLongPath, Boolean checkHost)
   at System.IO.FileStream..ctor(String path, FileMode mode, FileAccess access, FileShare share, Int32 bufferSize, FileOptions options, String msgPath, Boolean bFromProxy, Boolean useLongPath, Boolean checkHost)
   at System.IO.StreamWriter.CreateFile(String path, Boolean append, Boolean checkHost)
   at System.IO.StreamWriter..ctor(String path, Boolean append, Encoding encoding, Int32 bufferSize, Boolean checkHost)
   at System.IO.StreamWriter..ctor(String path, Boolean append, Encoding encoding)
   at Microsoft.VisualBasic.FileIO.FileSystem.OpenTextFileWriter(String file, Boolean append, Encoding encoding)
   at Microsoft.VisualBasic.MyServices.FileSystemProxy.OpenTextFileWriter(String file, Boolean append, Encoding encoding)
   at ConsoleActris.Module1.RunRequest(String BaseUri, String requestUrl, String token) in C:\projects\Feeds\Actris\ConsoleActris\Module1.vb:line 340
   at ConsoleActris.Module1.Main() in C:\projects\Feeds\Actris\ConsoleActris\Module1.vb:line 402

