Feed: BrightMLS
MLS Key: BrightMLS
Executable: C:\downloaders\BrightMLS\BrightMLS.exe
Arguments: 
Working Directory: C:\downloaders\BrightMLS
Process ID: 38164
Feed Console Window Mode: OnFailure
Separate Console Window: False
Keep Window Open On Error: True
Start: 2026-05-22 20:10:56
End: 2026-05-22 20:10:59
Duration: 00:00:02.8766945
Status: Failed
Exit Code: -532462766
Error: Process exited with code -532462766.

----- STDOUT -----
FilePath: \\192.168.3.60\MLSData\


----- STDERR -----

Unhandled Exception: System.IO.IOException: The process cannot access the file 'c:\temp\brightmls\resi.txt' because it is being used by another process.
   at System.IO.__Error.WinIOError(Int32 errorCode, String maybeFullPath)
   at System.IO.File.InternalDelete(String path, Boolean checkHost)
   at System.IO.File.Delete(String path)
   at BrightMLS.Module1.Main() in C:\projects\Feeds\BrightMLS\BrightMLS\Module1.vb:line 679

