Feed: camsoft
MLS Key: camsoft
Executable: C:\downloaders\camsoft\camsoft.exe
Arguments: 
Working Directory: C:\downloaders\camsoft
Process ID: 35200
Feed Console Window Mode: OnFailure
Separate Console Window: False
Keep Window Open On Error: True
Start: 2026-05-22 20:11:01
End: 2026-05-22 20:11:03
Duration: 00:00:02.3802135
Status: Failed
Exit Code: -532462766
Error: Process exited with code -532462766.

----- STDOUT -----
FilePath: \\192.168.3.60\MLSData\
Downloading Page 1 ...
Processing XML File .... 


----- STDERR -----

Unhandled Exception: System.Xml.XmlException: Data at the root level is invalid. Line 1, position 1.
   at System.Xml.XmlTextReaderImpl.Throw(Exception e)
   at System.Xml.XmlTextReaderImpl.Throw(String res, String arg)
   at System.Xml.XmlTextReaderImpl.ParseRootLevelWhitespace()
   at System.Xml.XmlTextReaderImpl.ParseDocumentContent()
   at System.Xml.XmlTextReaderImpl.Read()
   at System.Xml.XmlLoader.Load(XmlDocument doc, XmlReader reader, Boolean preserveWhitespace)
   at System.Xml.XmlDocument.Load(XmlReader reader)
   at System.Xml.XmlDocument.Load(String filename)
   at camsoft.Module1.DownLoadFile(Boolean Solds, Int32 daysBack) in C:\Projects\Feeds\camsoft\camsoft\Module1.vb:line 479
   at camsoft.Module1.Main() in C:\Projects\Feeds\camsoft\camsoft\Module1.vb:line 556

