Feed: coastsc
MLS Key: coastsc
Executable: C:\downloaders\coastsc\CCAR.exe
Arguments: 
Working Directory: C:\downloaders\coastsc
Process ID: 43988
Feed Console Window Mode: OnFailure
Separate Console Window: False
Keep Window Open On Error: True
Start: 2026-05-22 20:11:11
End: 2026-05-22 20:11:13
Duration: 00:00:02.1119035
Status: Failed
Exit Code: -532462766
Error: Process exited with code -532462766.

----- STDOUT -----
FilePath: \\192.168.3.60\MLSData\
Searching Residential Properties


----- STDERR -----

Unhandled Exception: System.IO.IOException: The handle is invalid.

   at System.IO.__Error.WinIOError(Int32 errorCode, String maybeFullPath)
   at System.Console.GetBufferInfo(Boolean throwOnNoConsole, Boolean& succeeded)
   at System.Console.set_BufferHeight(Int32 value)
   at CCAR.Module1.Main() in C:\projects\Feeds\CCAR\CCAR\Module1.vb:line 449

